<?xml version="1.0" encoding="UTF-8"?>
<!-- Generated by org.testng.reporters.JUnitReportReporter -->
<testsuite hostname="CSCO-W-PF2S47QP" failures="0" tests="2" name="excel.NewTest" time="15.955" errors="0" timestamp="2023-01-25T05:35:55 IST" skipped="0">
  <testcase classname="excel.NewTest" name="test1" time="14.306"/>
  <system-out/>
  <testcase classname="excel.NewTest" name="test2" time="1.649"/>
  <system-out/>
</testsuite> <!-- excel.NewTest -->
